Build started 5/15/25 12:18:44 AM.
     1>Project "C:\Sources\Version8\Install\install.vcxproj" on node 3 (Build target(s)).
     1>ClCompile:
         C:\Program Files (x86)\Microsoft Visual Studio 12.0\VC\bin\CL.exe /c /Zi /nologo /W3 /WX- /Od /Oy- /D WIN32 /D _DEBUG /D _WINDOWS /Gm /EHsc /RTC1 /MDd /GS /fp:precise /Zc:wchar_t /Zc:forScope /Fd"vc120.pdb" /Gd /TP /analyze- /errorReport:prompt menupdat.cpp setup.cpp
         setup.cpp
     1>setup.cpp(1003): error C2665: 'copy_all_files' : none of the 5 overloads could convert all the argument types
                 c:\sources\version8\install\..\include\subs.h(121): could be 'BOOLEAN copy_all_files(TCHAR *,TCHAR *,TCHAR *,BOOLEAN,HWND,int)'
                 while trying to match the argument list '(TCHAR *, TCHAR *, int, HWND, int, bool)'
     1>setup.cpp(2025): error C2146: syntax error : missing ')' before identifier 'copy_resources_directory'
         menupdat.cpp
         Generating Code...
     1>Done Building Project "C:\Sources\Version8\Install\install.vcxproj" (Build target(s)) -- FAILED.

Build FAILED.

Time Elapsed 00:00:01.31
